<?xml version="1.0" encoding="UTF-8"?>
<!-- Generated by org.testng.reporters.JUnitReportReporter -->
<testsuite hostname="ISILLT10372" name="testing.NewTest" tests="3" failures="0" timestamp="22 Jun 2019 18:58:18 GMT" time="0.012" errors="0">
  <testcase name="Test3" time="0.000" classname="testing.NewTest"/>
  <testcase name="Test1" time="0.011" classname="testing.NewTest"/>
  <testcase name="Test2" time="0.001" classname="testing.NewTest"/>
</testsuite> <!-- testing.NewTest -->
